<?xml version="1.0" encoding="UTF-8"?>
<!-- Generated by org.testng.reporters.JUnitReportReporter -->
<testsuite hostname="LAPTOP-DK6TK74Q" failures="0" tests="1" name="com.crm.vtiger.ProductTest.SearchProductTest" time="0.000" errors="0" timestamp="12 Aug 2021 10:18:43 GMT" skipped="0">
  <testcase classname="com.crm.vtiger.ProductTest.SearchProductTest" name="searchProductWithNameTest" time="0.000"/>
</testsuite> <!-- com.crm.vtiger.ProductTest.SearchProductTest -->
